<?xml version="1.0" encoding="UTF-8"?>
<!-- Generated by org.testng.reporters.JUnitXMLReporter -->
<testsuite ignored="0" hostname="CISPL-IO-589" failures="0" tests="6" name="Default test" time="33.938" errors="0" timestamp="2025-03-16T16:39:12 IST">
  <testcase classname="ccoem_admin1.tests.CategoryPageTest" name="VerifyaddCatgoryTest" time="9.078"/>
  <testcase classname="ccoem_admin1.tests.CategoryPageTest" name="verifyCatFirstrow" time="0.05"/>
  <testcase classname="ccoem_admin1.tests.CategoryPageTest" name="editCatTitleTest" time="1.253"/>
  <testcase classname="ccoem_admin1.tests.CategoryPageTest" name="editCatTest" time="3.732"/>
  <testcase classname="ccoem_admin1.tests.CategoryPageTest" name="AddsubCatTest" time="10.289"/>
  <testcase classname="ccoem_admin1.tests.CategoryPageTest" name="editSubCatTitleTest" time="1.157"/>
</testsuite> <!-- Default test -->
