<?xml version="1.0" encoding="UTF-8"?>
<!-- Generated by org.testng.reporters.JUnitXMLReporter -->
<testsuite ignored="0" hostname="CISPL-IO-589" failures="1" tests="6" name="Catehory Page test" time="29.615" errors="0" timestamp="2025-02-21T11:30:04 IST">
  <testcase classname="ccoem_admin1.tests.CategoryPageTest" name="VerifyaddCatgoryTest" time="8.479">
    <failure type="java.lang.AssertionError" message="Category success message does not match expected [Category has been Created Successfully] but found [Category Created Successfully]">
      <![CDATA[java.lang.AssertionError: Category success message does not match expected [Category has been Created Successfully] but found [Category Created Successfully]
at ccoem_admin1.tests.CategoryPageTest.VerifyaddCatgoryTest(CategoryPageTest.java:53)
at java.base/java.util.ArrayList.forEach(ArrayList.java:1511)
... Removed 32 stack frames]]>
    </failure>
  </testcase> <!-- VerifyaddCatgoryTest -->
  <testcase classname="ccoem_admin1.tests.CategoryPageTest" name="verifyCatFirstrow" time="0.029"/>
  <testcase classname="ccoem_admin1.tests.CategoryPageTest" name="editCatTitleTest" time="1.126"/>
  <testcase classname="ccoem_admin1.tests.CategoryPageTest" name="editCatTest" time="3.413"/>
  <testcase classname="ccoem_admin1.tests.CategoryPageTest" name="AddsubCatTest" time="6.678"/>
  <testcase classname="ccoem_admin1.tests.CategoryPageTest" name="editSubCatTitleTest" time="1.119"/>
</testsuite> <!-- Catehory Page test -->
