<?xml version="1.0" encoding="UTF-8"?>
<!-- Generated by org.testng.reporters.JUnitXMLReporter -->
<testsuite ignored="0" hostname="CISPL-IO-589" failures="1" tests="6" name="Category Page test" time="32.179" errors="0" timestamp="2025-06-24T18:32:06 IST">
  <testcase classname="ccoem_admin1.tests.CategoryPageTest" name="VerifyaddCatgoryTest" time="8.615">
    <failure type="java.lang.AssertionError" message="Category success message does not match expected [Category Created Successfully!] but found [Category Created Successfully]">
      <![CDATA[java.lang.AssertionError: Category success message does not match expected [Category Created Successfully!] but found [Category Created Successfully]
at ccoem_admin1.tests.CategoryPageTest.VerifyaddCatgoryTest(CategoryPageTest.java:53)
at java.base/java.util.ArrayList.forEach(ArrayList.java:1511)
... Removed 32 stack frames]]>
    </failure>
  </testcase> <!-- VerifyaddCatgoryTest -->
  <testcase classname="ccoem_admin1.tests.CategoryPageTest" name="verifyCatFirstrow" time="0.043"/>
  <testcase classname="ccoem_admin1.tests.CategoryPageTest" name="editCatTitleTest" time="1.253"/>
  <testcase classname="ccoem_admin1.tests.CategoryPageTest" name="editCatTest" time="3.783"/>
  <testcase classname="ccoem_admin1.tests.CategoryPageTest" name="AddsubCatTest" time="7.753"/>
  <testcase classname="ccoem_admin1.tests.CategoryPageTest" name="editSubCatTitleTest" time="1.262"/>
</testsuite> <!-- Category Page test -->
