<?xml version="1.0" encoding="UTF-8"?>
<!-- Generated by org.testng.reporters.JUnitXMLReporter -->
<testsuite ignored="0" hostname="CISPL-IO-589" failures="1" tests="6" name="Category Page test" time="25.741" errors="0" timestamp="2025-06-23T14:23:34 IST">
  <testcase classname="ccoem_admin1.tests.CategoryPageTest" name="VerifyaddCatgoryTest" time="8.038">
    <failure type="java.lang.AssertionError" message="Category success message does not match expected [Category Created Successfully!] but found [Category Created Successfully]">
      <![CDATA[java.lang.AssertionError: Category success message does not match expected [Category Created Successfully!] but found [Category Created Successfully]
at ccoem_admin1.tests.CategoryPageTest.VerifyaddCatgoryTest(CategoryPageTest.java:53)
at java.base/java.util.ArrayList.forEach(ArrayList.java:1511)
... Removed 32 stack frames]]>
    </failure>
  </testcase> <!-- VerifyaddCatgoryTest -->
  <testcase classname="ccoem_admin1.tests.CategoryPageTest" name="verifyCatFirstrow" time="0.027"/>
  <testcase classname="ccoem_admin1.tests.CategoryPageTest" name="editCatTitleTest" time="1.117"/>
  <testcase classname="ccoem_admin1.tests.CategoryPageTest" name="editCatTest" time="3.398"/>
  <testcase classname="ccoem_admin1.tests.CategoryPageTest" name="AddsubCatTest" time="6.979"/>
  <testcase classname="ccoem_admin1.tests.CategoryPageTest" name="editSubCatTitleTest" time="1.092"/>
</testsuite> <!-- Category Page test -->
