<?xml version="1.0" encoding="UTF-8"?>
<!-- Generated by org.testng.reporters.JUnitXMLReporter -->
<testsuite ignored="0" hostname="CISPL-IO-589" failures="1" tests="1" name="Exam Page test" time="20.118" errors="0" timestamp="2025-02-06T16:06:59 IST">
  <testcase classname="ccoem_user.tests.ExamsPageTest" name="addQuestionTest" time="13.459">
    <failure type="java.lang.AssertionError" message="Success message does not match expected [Exam submitted Successfully] but found [Exam submitted successfully]">
      <![CDATA[java.lang.AssertionError: Success message does not match expected [Exam submitted Successfully] but found [Exam submitted successfully]
at ccoem_user.tests.ExamsPageTest.addQuestionTest(ExamsPageTest.java:56)
at java.base/java.util.ArrayList.forEach(ArrayList.java:1511)
... Removed 32 stack frames]]>
    </failure>
  </testcase> <!-- addQuestionTest -->
</testsuite> <!-- Exam Page test -->
