<?xml version="1.0" encoding="UTF-8"?>
<!-- Generated by org.testng.reporters.JUnitXMLReporter -->
<testsuite ignored="0" hostname="CISPL-IO-589" failures="1" tests="2" name="Login Page test" time="12.469" errors="0" timestamp="2025-02-05T18:44:03 IST">
  <testcase classname="ccoem_user.tests.LoginPageTest" name="loginTest" time="0.99"/>
  <testcase classname="ccoem_user.tests.LoginPageTest" name="editProfileTest" time="7.724">
    <failure type="java.lang.AssertionError" message="Profile update success message does not match! expected [User updated Successfully] but found [User updated]">
      <![CDATA[java.lang.AssertionError: Profile update success message does not match! expected [User updated Successfully] but found [User updated]
at ccoem_user.tests.LoginPageTest.editProfileTest(LoginPageTest.java:58)
at java.base/java.util.ArrayList.forEach(ArrayList.java:1511)
... Removed 32 stack frames]]>
    </failure>
  </testcase> <!-- editProfileTest -->
</testsuite> <!-- Login Page test -->
