<?xml version="1.0" encoding="UTF-8"?>
<testng-results ignored="0" total="6" passed="6" failed="0" skipped="0">
  <reporter-output>
  </reporter-output>
  <suite started-at="2025-02-28T14:32:42 IST" name="Suite" finished-at="2025-02-28T14:33:12 IST" duration-ms="29508">
    <groups>
    </groups>
    <test started-at="2025-02-28T14:32:42 IST" name="Catehory Page test" finished-at="2025-02-28T14:33:12 IST" duration-ms="29508">
      <class name="ccoem_admin1.tests.CategoryPageTest">
        <test-method is-config="true" signature="setUp()[pri:0, instance:ccoem_admin1.tests.CategoryPageTest@35e2d654]" started-at="2025-02-28T14:32:42 IST" name="setUp" finished-at="2025-02-28T14:32:48 IST" duration-ms="6308" status="PASS">
          <reporter-output>
          </reporter-output>
        </test-method> <!-- setUp -->
        <test-method signature="VerifyaddCatgoryTest()[pri:1, instance:ccoem_admin1.tests.CategoryPageTest@35e2d654]" started-at="2025-02-28T14:32:49 IST" name="VerifyaddCatgoryTest" finished-at="2025-02-28T14:32:57 IST" duration-ms="8651" status="PASS">
          <reporter-output>
          </reporter-output>
        </test-method> <!-- VerifyaddCatgoryTest -->
        <test-method signature="verifyCatFirstrow()[pri:2, instance:ccoem_admin1.tests.CategoryPageTest@35e2d654]" started-at="2025-02-28T14:32:57 IST" name="verifyCatFirstrow" finished-at="2025-02-28T14:32:57 IST" duration-ms="25" status="PASS">
          <reporter-output>
          </reporter-output>
        </test-method> <!-- verifyCatFirstrow -->
        <test-method signature="editCatTitleTest()[pri:3, instance:ccoem_admin1.tests.CategoryPageTest@35e2d654]" started-at="2025-02-28T14:32:57 IST" name="editCatTitleTest" finished-at="2025-02-28T14:32:58 IST" duration-ms="1132" status="PASS">
          <reporter-output>
          </reporter-output>
        </test-method> <!-- editCatTitleTest -->
        <test-method signature="editCatTest()[pri:4, instance:ccoem_admin1.tests.CategoryPageTest@35e2d654]" started-at="2025-02-28T14:32:58 IST" name="editCatTest" finished-at="2025-02-28T14:33:02 IST" duration-ms="3414" status="PASS">
          <reporter-output>
          </reporter-output>
        </test-method> <!-- editCatTest -->
        <test-method signature="AddsubCatTest()[pri:5, instance:ccoem_admin1.tests.CategoryPageTest@35e2d654]" started-at="2025-02-28T14:33:02 IST" name="AddsubCatTest" finished-at="2025-02-28T14:33:11 IST" duration-ms="8787" status="PASS">
          <reporter-output>
          </reporter-output>
        </test-method> <!-- AddsubCatTest -->
        <test-method signature="editSubCatTitleTest()[pri:6, instance:ccoem_admin1.tests.CategoryPageTest@35e2d654]" started-at="2025-02-28T14:33:11 IST" name="editSubCatTitleTest" finished-at="2025-02-28T14:33:12 IST" duration-ms="1120" status="PASS">
          <reporter-output>
          </reporter-output>
        </test-method> <!-- editSubCatTitleTest -->
        <test-method is-config="true" signature="closeBrowser()[pri:0, instance:ccoem_admin1.tests.CategoryPageTest@35e2d654]" started-at="2025-02-28T14:33:12 IST" name="closeBrowser" finished-at="2025-02-28T14:33:12 IST" duration-ms="0" status="PASS">
          <reporter-output>
          </reporter-output>
        </test-method> <!-- closeBrowser -->
      </class> <!-- ccoem_admin1.tests.CategoryPageTest -->
    </test> <!-- Catehory Page test -->
  </suite> <!-- Suite -->
</testng-results>
