<?xml version="1.0" encoding="UTF-8"?>
<testng-results ignored="0" total="1" passed="1" failed="0" skipped="0">
  <reporter-output>
  </reporter-output>
  <suite started-at="2025-02-06T17:20:00 IST" name="Suite" finished-at="2025-02-06T17:20:12 IST" duration-ms="12562">
    <groups>
    </groups>
    <test started-at="2025-02-06T17:20:00 IST" name="Exam Page test" finished-at="2025-02-06T17:20:12 IST" duration-ms="12562">
      <class name="ccoem_admin1.tests.ResultsPageTest">
        <test-method is-config="true" signature="setUp()[pri:0, instance:ccoem_admin1.tests.ResultsPageTest@b3ca52e]" started-at="2025-02-06T17:20:00 IST" name="setUp" finished-at="2025-02-06T17:20:03 IST" duration-ms="3475" status="PASS">
          <reporter-output>
          </reporter-output>
        </test-method> <!-- setUp -->
        <test-method signature="getResultinfo()[pri:0, instance:ccoem_admin1.tests.ResultsPageTest@b3ca52e]" started-at="2025-02-06T17:20:03 IST" name="getResultinfo" finished-at="2025-02-06T17:20:10 IST" duration-ms="6929" status="PASS">
          <reporter-output>
          </reporter-output>
        </test-method> <!-- getResultinfo -->
        <test-method is-config="true" signature="closeBrowser()[pri:0, instance:ccoem_admin1.tests.ResultsPageTest@b3ca52e]" started-at="2025-02-06T17:20:12 IST" name="closeBrowser" finished-at="2025-02-06T17:20:12 IST" duration-ms="0" status="PASS">
          <reporter-output>
          </reporter-output>
        </test-method> <!-- closeBrowser -->
      </class> <!-- ccoem_admin1.tests.ResultsPageTest -->
    </test> <!-- Exam Page test -->
  </suite> <!-- Suite -->
</testng-results>
