<?xml version="1.0" encoding="UTF-8"?>
<!-- Generated by org.testng.reporters.JUnitReportReporter -->
<testsuite hostname="CISPL-IO-589" failures="0" tests="6" name="ccoem_admin1.tests.CategoryPageTest" time="21.118" errors="0" timestamp="2025-03-12T16:16:34 IST" skipped="0">
  <testcase classname="ccoem_admin1.tests.CategoryPageTest" name="VerifyaddCatgoryTest" time="8.392"/>
  <testcase classname="ccoem_admin1.tests.CategoryPageTest" name="verifyCatFirstrow" time="0.042"/>
  <testcase classname="ccoem_admin1.tests.CategoryPageTest" name="editCatTitleTest" time="1.134"/>
  <testcase classname="ccoem_admin1.tests.CategoryPageTest" name="editCatTest" time="3.509"/>
  <testcase classname="ccoem_admin1.tests.CategoryPageTest" name="AddsubCatTest" time="6.909"/>
  <testcase classname="ccoem_admin1.tests.CategoryPageTest" name="editSubCatTitleTest" time="1.132"/>
</testsuite> <!-- ccoem_admin1.tests.CategoryPageTest -->
