<?xml version="1.0" encoding="UTF-8"?>
<!-- Generated by org.testng.reporters.JUnitReportReporter -->
<testsuite hostname="CISPL-IO-589" failures="0" tests="1" name="ccoem_admin1.tests.QuestionsCSVPageTest" time="8.034" errors="1" timestamp="2025-06-24T18:35:06 IST" skipped="0">
  <testcase classname="ccoem_admin1.tests.QuestionsCSVPageTest" name="Verifyquestions" time="8.034">
    <error message="invalid argument: File not found : C:\Users\CODECLOUDS-RITUPARNA\Desktop\sample_questions.csv
  (Session info: chrome=137.0.7151.120)
Build info: version: &#039;4.27.0&#039;, revision: &#039;d6e718d134&#039;
System info: os.name: &#039;Windows 11&#039;, os.arch: &#039;amd64&#039;, os.version: &#039;10.0&#039;, java.version: &#039;17.0.8&#039;
Driver info: org.openqa.selenium.chrome.ChromeDriver
Command: [74afdc416be16e1e5653403ce2728dc7, sendKeysToElement {value=[Ljava.lang.CharSequence;@5f212d84, id=f.802CFDD2BD4ED5DE45F1A5EADBE5C922.d.1980E35843BE9E2240B59548D4E87742.e.84}]
Capabilities {acceptInsecureCerts: false, browserName: chrome, browserVersion: 137.0.7151.120, chrome: {chromedriverVersion: 137.0.7151.119 (e0ac9d12dff..., userDataDir: C:\Users\CODECL~2\AppData\L...}, fedcm:accounts: true, goog:chromeOptions: {debuggerAddress: localhost:58281}, networkConnectionEnabled: false, pageLoadStrategy: normal, platformName: windows, proxy: Proxy(), se:cdp: ws://localhost:58281/devtoo..., se:cdpVersion: 137.0.7151.120, setWindowRect: true, strictFileInteractability: false, timeouts: {implicit: 0, pageLoad: 300000, script: 30000}, unhandledPromptBehavior: dismiss and notify, webauthn:extension:credBlob: true, webauthn:extension:largeBlob: true, webauthn:extension:minPinLength: true, webauthn:extension:prf: true, webauthn:virtualAuthenticators: true}
Element: [[ChromeDriver: chrome on windows (74afdc416be16e1e5653403ce2728dc7)] -&gt; xpath: //input[@class=&#039;fileUpload&#039; and @accept=&#039;.csv&#039;]]
Session ID: 74afdc416be16e1e5653403ce2728dc7" type="org.openqa.selenium.InvalidArgumentException">
      <![CDATA[org.openqa.selenium.InvalidArgumentException: invalid argument: File not found : C:\Users\CODECLOUDS-RITUPARNA\Desktop\sample_questions.csv
  (Session info: chrome=137.0.7151.120)
Build info: version: '4.27.0', revision: 'd6e718d134'
System info: os.name: 'Windows 11', os.arch: 'amd64', os.version: '10.0', java.version: '17.0.8'
Driver info: org.openqa.selenium.chrome.ChromeDriver
Command: [74afdc416be16e1e5653403ce2728dc7, sendKeysToElement {value=[Ljava.lang.CharSequence;@5f212d84, id=f.802CFDD2BD4ED5DE45F1A5EADBE5C922.d.1980E35843BE9E2240B59548D4E87742.e.84}]
Capabilities {acceptInsecureCerts: false, browserName: chrome, browserVersion: 137.0.7151.120, chrome: {chromedriverVersion: 137.0.7151.119 (e0ac9d12dff..., userDataDir: C:\Users\CODECL~2\AppData\L...}, fedcm:accounts: true, goog:chromeOptions: {debuggerAddress: localhost:58281}, networkConnectionEnabled: false, pageLoadStrategy: normal, platformName: windows, proxy: Proxy(), se:cdp: ws://localhost:58281/devtoo..., se:cdpVersion: 137.0.7151.120, setWindowRect: true, strictFileInteractability: false, timeouts: {implicit: 0, pageLoad: 300000, script: 30000}, unhandledPromptBehavior: dismiss and notify, webauthn:extension:credBlob: true, webauthn:extension:largeBlob: true, webauthn:extension:minPinLength: true, webauthn:extension:prf: true, webauthn:virtualAuthenticators: true}
Element: [[ChromeDriver: chrome on windows (74afdc416be16e1e5653403ce2728dc7)] -> xpath: //input[@class='fileUpload' and @accept='.csv']]
Session ID: 74afdc416be16e1e5653403ce2728dc7
at java.base/jdk.internal.reflect.NativeConstructorAccessorImpl.newInstance0(Native Method)
at java.base/jdk.internal.reflect.NativeConstructorAccessorImpl.newInstance(NativeConstructorAccessorImpl.java:77)
at java.base/jdk.internal.reflect.DelegatingConstructorAccessorImpl.newInstance(DelegatingConstructorAccessorImpl.java:45)
at java.base/java.lang.reflect.Constructor.newInstanceWithCaller(Constructor.java:499)
at java.base/java.lang.reflect.Constructor.newInstance(Constructor.java:480)
at org.openqa.selenium.remote.ErrorCodec.decode(ErrorCodec.java:167)
at org.openqa.selenium.remote.codec.w3c.W3CHttpResponseCodec.decode(W3CHttpResponseCodec.java:138)
at org.openqa.selenium.remote.codec.w3c.W3CHttpResponseCodec.decode(W3CHttpResponseCodec.java:50)
at org.openqa.selenium.remote.HttpCommandExecutor.execute(HttpCommandExecutor.java:190)
at org.openqa.selenium.remote.service.DriverCommandExecutor.invokeExecute(DriverCommandExecutor.java:216)
at org.openqa.selenium.remote.service.DriverCommandExecutor.execute(DriverCommandExecutor.java:174)
at org.openqa.selenium.remote.RemoteWebDriver.execute(RemoteWebDriver.java:545)
at org.openqa.selenium.remote.RemoteWebElement.execute(RemoteWebElement.java:223)
at org.openqa.selenium.remote.RemoteWebElement.sendKeys(RemoteWebElement.java:110)
at java.base/jdk.internal.reflect.NativeMethodAccessorImpl.invoke0(Native Method)
at java.base/jdk.internal.reflect.NativeMethodAccessorImpl.invoke(NativeMethodAccessorImpl.java:77)
at java.base/jdk.internal.reflect.DelegatingMethodAccessorImpl.invoke(DelegatingMethodAccessorImpl.java:43)
at java.base/java.lang.reflect.Method.invoke(Method.java:568)
at org.openqa.selenium.support.pagefactory.internal.LocatingElementHandler.invoke(LocatingElementHandler.java:51)
at jdk.proxy2/jdk.proxy2.$Proxy14.sendKeys(Unknown Source)
at ccoem_admin1.pageobjects.QuestionsPage.csvAddquesBtn(QuestionsPage.java:158)
at ccoem_admin1.tests.QuestionsCSVPageTest.Verifyquestions(QuestionsCSVPageTest.java:51)
at java.base/jdk.internal.reflect.NativeMethodAccessorImpl.invoke0(Native Method)
at java.base/jdk.internal.reflect.NativeMethodAccessorImpl.invoke(NativeMethodAccessorImpl.java:77)
at java.base/jdk.internal.reflect.DelegatingMethodAccessorImpl.invoke(DelegatingMethodAccessorImpl.java:43)
at java.base/java.lang.reflect.Method.invoke(Method.java:568)
at org.testng.internal.invokers.MethodInvocationHelper.invokeMethod(MethodInvocationHelper.java:141)
at org.testng.internal.invokers.TestInvoker.invokeMethod(TestInvoker.java:686)
at org.testng.internal.invokers.TestInvoker.invokeTestMethod(TestInvoker.java:230)
at org.testng.internal.invokers.MethodRunner.runInSequence(MethodRunner.java:63)
at org.testng.internal.invokers.TestInvoker$MethodInvocationAgent.invoke(TestInvoker.java:992)
at org.testng.internal.invokers.TestInvoker.invokeTestMethods(TestInvoker.java:203)
at org.testng.internal.invokers.TestMethodWorker.invokeTestMethods(TestMethodWorker.java:154)
at org.testng.internal.invokers.TestMethodWorker.run(TestMethodWorker.java:134)
at java.base/java.util.ArrayList.forEach(ArrayList.java:1511)
at org.testng.TestRunner.privateRun(TestRunner.java:739)
at org.testng.TestRunner.run(TestRunner.java:614)
at org.testng.SuiteRunner.runTest(SuiteRunner.java:421)
at org.testng.SuiteRunner.runSequentially(SuiteRunner.java:413)
at org.testng.SuiteRunner.privateRun(SuiteRunner.java:373)
at org.testng.SuiteRunner.run(SuiteRunner.java:312)
at org.testng.SuiteRunnerWorker.runSuite(SuiteRunnerWorker.java:52)
at org.testng.SuiteRunnerWorker.run(SuiteRunnerWorker.java:95)
at org.testng.TestNG.runSuitesSequentially(TestNG.java:1274)
at org.testng.TestNG.runSuitesLocally(TestNG.java:1208)
at org.testng.TestNG.runSuites(TestNG.java:1112)
at org.testng.TestNG.run(TestNG.java:1079)
at org.testng.remote.AbstractRemoteTestNG.run(AbstractRemoteTestNG.java:115)
at org.testng.remote.RemoteTestNG.initAndRun(RemoteTestNG.java:293)
at org.testng.remote.RemoteTestNG.main(RemoteTestNG.java:91)
]]>
    </error>
  </testcase> <!-- Verifyquestions -->
</testsuite> <!-- ccoem_admin1.tests.QuestionsCSVPageTest -->
