<?xml version="1.0" encoding="UTF-8"?>
<!-- Generated by org.testng.reporters.JUnitReportReporter -->
<testsuite hostname="CISPL-IO-589" failures="0" tests="2" name="ccoem_admin1.tests.LoginPageTest" time="17.800" errors="0" timestamp="2025-02-13T11:35:53 IST" skipped="0">
  <testcase classname="ccoem_admin1.tests.LoginPageTest" name="loginTest" time="7.341"/>
  <testcase classname="ccoem_admin1.tests.LoginPageTest" name="editProfileTest" time="10.459"/>
</testsuite> <!-- ccoem_admin1.tests.LoginPageTest -->
