<?xml version="1.0" encoding="UTF-8"?>
<!-- Generated by org.testng.reporters.JUnitReportReporter -->
<testsuite hostname="CISPL-IO-589" failures="0" tests="2" name="ccoem_admin1.tests.DashboardPageTest" time="5.558" errors="0" timestamp="2025-01-24T16:47:32 IST" skipped="0">
  <testcase classname="ccoem_admin1.tests.DashboardPageTest" name="redirectPage" time="0.094"/>
  <testcase classname="ccoem_admin1.tests.DashboardPageTest" name="editProfile" time="5.464"/>
</testsuite> <!-- ccoem_admin1.tests.DashboardPageTest -->
