<?xml version="1.0" encoding="UTF-8"?>
<!-- Generated by org.testng.reporters.JUnitReportReporter -->
<testsuite hostname="CISPL-IO-589" failures="0" tests="2" name="ccoem_admin1.tests.LoginPageTest" time="8.436" errors="0" timestamp="2025-01-30T14:14:52 IST" skipped="0">
  <testcase classname="ccoem_admin1.tests.LoginPageTest" name="loginTest" time="0.776"/>
  <testcase classname="ccoem_admin1.tests.LoginPageTest" name="editProfileTest" time="7.660"/>
</testsuite> <!-- ccoem_admin1.tests.LoginPageTest -->
