<?xml version="1.0" encoding="UTF-8"?>
<!-- Generated by org.testng.reporters.JUnitReportReporter -->
<testsuite hostname="CISPL-IO-589" failures="1" tests="1" name="cucumber.TestNGTestRunner" time="15.325" errors="0" timestamp="2025-02-20T13:15:15 IST" skipped="0">
  <testcase classname="cucumber.TestNGTestRunner" name="runScenario" time="15.325">
    <failure message="Category success message does not match expected [Category has been Created Successfully] but found [Category Created Successfully]" type="java.lang.AssertionError">
      <![CDATA[java.lang.AssertionError: Category success message does not match expected [Category has been Created Successfully] but found [Category Created Successfully]
at org.testng.Assert.fail(Assert.java:111)
at org.testng.Assert.failNotEquals(Assert.java:1578)
at org.testng.Assert.assertEqualsImpl(Assert.java:150)
at org.testng.Assert.assertEquals(Assert.java:132)
at org.testng.Assert.assertEquals(Assert.java:656)
at ccoem_admin1.stepDefinitions.StepDefinitionimpl.verify_category_success(StepDefinitionimpl.java:99)
at ✽.Verify Category success message(file:///C:/Users/CODECLOUDS-RITUPARNA/eclipse-workspace2/ccoem_admin1/src/test/java/cucumber/ExamTest.feature:14)
]]>
    </failure>
  </testcase> <!-- runScenario -->
</testsuite> <!-- cucumber.TestNGTestRunner -->
