<?xml version="1.0" encoding="UTF-8"?>
<!-- Generated by org.testng.reporters.JUnitReportReporter -->
<testsuite hostname="CISPL-IO-589" failures="0" tests="2" name="run_browserstack.Demo_Title_Test" time="0.055" errors="0" timestamp="2025-01-15T13:34:03 IST" skipped="0">
  <testcase classname="run_browserstack.Demo_Title_Test" name="testdemo" time="0.003"/>
  <testcase classname="run_browserstack.Demo_Title_Test" name="getPageTitle" time="0.052"/>
</testsuite> <!-- run_browserstack.Demo_Title_Test -->
