<?xml version="1.0" encoding="UTF-8"?>
<!-- Generated by org.testng.reporters.JUnitReportReporter -->
<testsuite hostname="CISPL-IO-589" failures="0" tests="6" name="ccoem_admin1.tests.CategoryPageTest" time="23.129" errors="0" timestamp="2025-02-28T14:33:12 IST" skipped="0">
  <testcase classname="ccoem_admin1.tests.CategoryPageTest" name="VerifyaddCatgoryTest" time="8.651"/>
  <testcase classname="ccoem_admin1.tests.CategoryPageTest" name="verifyCatFirstrow" time="0.025"/>
  <testcase classname="ccoem_admin1.tests.CategoryPageTest" name="editCatTitleTest" time="1.132"/>
  <testcase classname="ccoem_admin1.tests.CategoryPageTest" name="editCatTest" time="3.414"/>
  <testcase classname="ccoem_admin1.tests.CategoryPageTest" name="AddsubCatTest" time="8.787"/>
  <testcase classname="ccoem_admin1.tests.CategoryPageTest" name="editSubCatTitleTest" time="1.120"/>
</testsuite> <!-- ccoem_admin1.tests.CategoryPageTest -->
